<?xml version="1.0" encoding="UTF-8"?>
<!-- Generated by org.testng.reporters.JUnitXMLReporter -->
<testsuite ignored="0" hostname="Siva" failures="0" tests="4" name="LoginTest" time="29.995" errors="0" timestamp="2023-12-21T12:10:18 IST">
  <testcase classname="demoProject.LoginWithPredefinedValue" name="LoginWithCorrectCredentials" time="8.448"/>
  <testcase classname="demoProject.LoginWithPredefinedValue" name="LoginWithCorrectCredentials" time="6.957"/>
  <testcase classname="demoProject.LoginWithPredefinedValue" name="LoginWithCorrectCredentials" time="7.112"/>
  <testcase classname="demoProject.LoginWithPredefinedValue" name="LoginWithCorrectCredentials" time="7.451"/>
</testsuite> <!-- LoginTest -->
