<?xml version="1.0" encoding="UTF-8"?>
<!-- Generated by org.testng.reporters.JUnitXMLReporter -->
<testsuite ignored="0" hostname="Siva" failures="0" tests="4" name="Default test" time="36.775" errors="0" timestamp="2023-12-22T23:44:54 IST">
  <testcase classname="demoProject.LoginUsingJXL" name="demoLogin" time="9.557"/>
  <testcase classname="demoProject.LoginUsingJXL" name="demoLogin" time="8.758"/>
  <testcase classname="demoProject.LoginUsingJXL" name="demoLogin" time="8.944"/>
  <testcase classname="demoProject.LoginUsingJXL" name="demoLogin" time="9.404"/>
</testsuite> <!-- Default test -->
