<?xml version="1.0" encoding="UTF-8"?>
<testng-results ignored="0" total="4" passed="4" failed="0" skipped="0">
  <reporter-output>
  </reporter-output>
  <suite started-at="2023-12-22T23:44:17 IST" name="Default suite" finished-at="2023-12-22T23:44:54 IST" duration-ms="36775">
    <groups>
    </groups>
    <test started-at="2023-12-22T23:44:17 IST" name="Default test" finished-at="2023-12-22T23:44:54 IST" duration-ms="36775">
      <class name="demoProject.LoginUsingJXL">
        <test-method signature="demoLogin(java.lang.String,java.lang.String)[pri:0, instance:demoProject.LoginUsingJXL@2c767a52]" started-at="2023-12-22T23:44:17 IST" name="demoLogin" data-provider="loginData" finished-at="2023-12-22T23:44:26 IST" duration-ms="9557" status="PASS">
          <params>
            <param index="0">
              <value>
                <![CDATA[Admin]]>
              </value>
            </param>
            <param index="1">
              <value>
                <![CDATA[admin123]]>
              </value>
            </param>
          </params>
          <reporter-output>
          </reporter-output>
        </test-method> <!-- demoLogin -->
        <test-method signature="demoLogin(java.lang.String,java.lang.String)[pri:0, instance:demoProject.LoginUsingJXL@2c767a52]" started-at="2023-12-22T23:44:27 IST" name="demoLogin" data-provider="loginData" finished-at="2023-12-22T23:44:35 IST" duration-ms="8758" status="PASS">
          <params>
            <param index="0">
              <value>
                <![CDATA[Admin]]>
              </value>
            </param>
            <param index="1">
              <value>
                <![CDATA[dummy]]>
              </value>
            </param>
          </params>
          <reporter-output>
          </reporter-output>
        </test-method> <!-- demoLogin -->
        <test-method signature="demoLogin(java.lang.String,java.lang.String)[pri:0, instance:demoProject.LoginUsingJXL@2c767a52]" started-at="2023-12-22T23:44:35 IST" name="demoLogin" data-provider="loginData" finished-at="2023-12-22T23:44:44 IST" duration-ms="8944" status="PASS">
          <params>
            <param index="0">
              <value>
                <![CDATA[bava]]>
              </value>
            </param>
            <param index="1">
              <value>
                <![CDATA[admin123]]>
              </value>
            </param>
          </params>
          <reporter-output>
          </reporter-output>
        </test-method> <!-- demoLogin -->
        <test-method signature="demoLogin(java.lang.String,java.lang.String)[pri:0, instance:demoProject.LoginUsingJXL@2c767a52]" started-at="2023-12-22T23:44:44 IST" name="demoLogin" data-provider="loginData" finished-at="2023-12-22T23:44:54 IST" duration-ms="9404" status="PASS">
          <params>
            <param index="0">
              <value>
                <![CDATA[bava]]>
              </value>
            </param>
            <param index="1">
              <value>
                <![CDATA[dummy]]>
              </value>
            </param>
          </params>
          <reporter-output>
          </reporter-output>
        </test-method> <!-- demoLogin -->
      </class> <!-- demoProject.LoginUsingJXL -->
    </test> <!-- Default test -->
  </suite> <!-- Default suite -->
</testng-results>
